mode: set
party-calc/internal/repository/event.go:16.65,18.2 1 1
party-calc/internal/repository/event.go:20.79,25.16 3 1
party-calc/internal/repository/event.go:29.2,30.12 2 1
party-calc/internal/repository/event.go:25.16,28.3 2 0
party-calc/internal/repository/event.go:33.89,37.16 3 1
party-calc/internal/repository/event.go:43.2,45.16 2 1
party-calc/internal/repository/event.go:49.2,50.18 2 1
party-calc/internal/repository/event.go:60.2,62.16 2 1
party-calc/internal/repository/event.go:65.2,65.18 1 1
party-calc/internal/repository/event.go:74.2,74.21 1 1
party-calc/internal/repository/event.go:37.16,40.3 2 0
party-calc/internal/repository/event.go:45.16,48.3 2 0
party-calc/internal/repository/event.go:50.18,53.17 3 1
party-calc/internal/repository/event.go:56.3,56.33 1 1
party-calc/internal/repository/event.go:53.17,55.4 1 0
party-calc/internal/repository/event.go:62.16,64.3 1 0
party-calc/internal/repository/event.go:65.18,68.17 3 1
party-calc/internal/repository/event.go:72.3,72.47 1 1
party-calc/internal/repository/event.go:68.17,71.4 2 0
party-calc/internal/repository/event.go:77.94,81.16 3 1
party-calc/internal/repository/event.go:87.2,89.16 2 1
party-calc/internal/repository/event.go:93.2,94.18 2 1
party-calc/internal/repository/event.go:104.2,106.16 2 1
party-calc/internal/repository/event.go:109.2,109.18 1 1
party-calc/internal/repository/event.go:118.2,118.21 1 1
party-calc/internal/repository/event.go:81.16,84.3 2 0
party-calc/internal/repository/event.go:89.16,92.3 2 0
party-calc/internal/repository/event.go:94.18,97.17 3 1
party-calc/internal/repository/event.go:100.3,100.33 1 1
party-calc/internal/repository/event.go:97.17,99.4 1 0
party-calc/internal/repository/event.go:106.16,108.3 1 0
party-calc/internal/repository/event.go:109.18,112.17 3 1
party-calc/internal/repository/event.go:116.3,116.47 1 1
party-calc/internal/repository/event.go:112.17,115.4 2 0
party-calc/internal/repository/event.go:121.79,124.16 2 1
party-calc/internal/repository/event.go:128.2,128.12 1 1
party-calc/internal/repository/event.go:124.16,127.3 2 0
party-calc/internal/repository/event.go:131.75,134.16 2 1
party-calc/internal/repository/event.go:138.2,138.12 1 1
party-calc/internal/repository/event.go:134.16,137.3 2 0
party-calc/internal/repository/event.go:141.80,144.16 2 1
party-calc/internal/repository/event.go:148.2,148.12 1 1
party-calc/internal/repository/event.go:144.16,147.3 2 0
party-calc/internal/repository/person.go:16.67,18.2 1 1
party-calc/internal/repository/person.go:20.82,24.16 3 1
party-calc/internal/repository/person.go:28.2,29.12 2 1
party-calc/internal/repository/person.go:24.16,27.3 2 0
party-calc/internal/repository/person.go:32.91,36.16 3 1
party-calc/internal/repository/person.go:42.2,44.16 2 1
party-calc/internal/repository/person.go:48.2,49.18 2 1
party-calc/internal/repository/person.go:59.2,61.16 2 1
party-calc/internal/repository/person.go:64.2,64.18 1 1
party-calc/internal/repository/person.go:73.2,73.21 1 1
party-calc/internal/repository/person.go:36.16,39.3 2 0
party-calc/internal/repository/person.go:44.16,47.3 2 0
party-calc/internal/repository/person.go:49.18,52.17 3 1
party-calc/internal/repository/person.go:55.3,55.36 1 1
party-calc/internal/repository/person.go:52.17,54.4 1 0
party-calc/internal/repository/person.go:61.16,63.3 1 0
party-calc/internal/repository/person.go:64.18,67.17 3 1
party-calc/internal/repository/person.go:71.3,71.47 1 1
party-calc/internal/repository/person.go:67.17,70.4 2 0
party-calc/internal/repository/person.go:76.96,80.16 3 0
party-calc/internal/repository/person.go:86.2,88.16 2 0
party-calc/internal/repository/person.go:92.2,93.18 2 0
party-calc/internal/repository/person.go:103.2,105.16 2 0
party-calc/internal/repository/person.go:108.2,108.18 1 0
party-calc/internal/repository/person.go:117.2,117.21 1 0
party-calc/internal/repository/person.go:80.16,83.3 2 0
party-calc/internal/repository/person.go:88.16,91.3 2 0
party-calc/internal/repository/person.go:93.18,96.17 3 0
party-calc/internal/repository/person.go:99.3,99.36 1 0
party-calc/internal/repository/person.go:96.17,98.4 1 0
party-calc/internal/repository/person.go:105.16,107.3 1 0
party-calc/internal/repository/person.go:108.18,111.17 3 0
party-calc/internal/repository/person.go:115.3,115.47 1 0
party-calc/internal/repository/person.go:111.17,114.4 2 0
party-calc/internal/repository/person.go:120.82,123.16 2 1
party-calc/internal/repository/person.go:127.2,127.12 1 1
party-calc/internal/repository/person.go:123.16,126.3 2 0
party-calc/internal/repository/person.go:130.76,133.16 2 1
party-calc/internal/repository/person.go:137.2,137.12 1 1
party-calc/internal/repository/person.go:133.16,136.3 2 0
party-calc/internal/repository/person.go:140.81,143.16 2 0
party-calc/internal/repository/person.go:147.2,147.12 1 0
party-calc/internal/repository/person.go:143.16,146.3 2 0
party-calc/internal/repository/persons_events.go:17.78,19.2 1 1
party-calc/internal/repository/persons_events.go:21.95,27.16 3 1
party-calc/internal/repository/persons_events.go:31.2,32.12 2 1
party-calc/internal/repository/persons_events.go:27.16,30.3 2 0
party-calc/internal/repository/persons_events.go:35.134,37.18 2 1
party-calc/internal/repository/persons_events.go:45.2,45.35 1 1
party-calc/internal/repository/persons_events.go:56.2,56.35 1 1
party-calc/internal/repository/persons_events.go:67.2,67.20 1 1
party-calc/internal/repository/persons_events.go:37.18,40.17 3 1
party-calc/internal/repository/persons_events.go:43.3,43.33 1 1
party-calc/internal/repository/persons_events.go:40.17,42.4 1 0
party-calc/internal/repository/persons_events.go:45.35,50.17 3 1
party-calc/internal/repository/persons_events.go:54.3,54.25 1 1
party-calc/internal/repository/persons_events.go:50.17,53.4 2 0
party-calc/internal/repository/persons_events.go:56.35,61.17 3 1
party-calc/internal/repository/persons_events.go:65.3,65.23 1 1
party-calc/internal/repository/persons_events.go:61.17,64.4 2 0
party-calc/internal/repository/persons_events.go:70.118,75.16 4 1
party-calc/internal/repository/persons_events.go:78.2,79.16 2 1
party-calc/internal/repository/persons_events.go:82.2,82.20 1 1
party-calc/internal/repository/persons_events.go:75.16,77.3 1 0
party-calc/internal/repository/persons_events.go:79.16,81.3 1 0
party-calc/internal/repository/persons_events.go:85.116,90.16 4 1
party-calc/internal/repository/persons_events.go:93.2,94.16 2 1
party-calc/internal/repository/persons_events.go:97.2,97.20 1 1
party-calc/internal/repository/persons_events.go:90.16,92.3 1 0
party-calc/internal/repository/persons_events.go:94.16,96.3 1 0
party-calc/internal/repository/persons_events.go:100.95,105.16 2 1
party-calc/internal/repository/persons_events.go:109.2,109.12 1 1
party-calc/internal/repository/persons_events.go:105.16,108.3 2 0
party-calc/internal/repository/persons_events.go:112.76,115.16 2 1
party-calc/internal/repository/persons_events.go:119.2,119.12 1 1
party-calc/internal/repository/persons_events.go:115.16,118.3 2 0
party-calc/internal/service/services.go:10.98,21.2 5 0
party-calc/internal/service/calculation.go:40.98,46.2 1 1
party-calc/internal/service/calculation.go:48.123,51.16 3 1
party-calc/internal/service/calculation.go:54.2,54.24 1 1
party-calc/internal/service/calculation.go:57.2,60.31 4 1
party-calc/internal/service/calculation.go:64.2,66.31 3 1
party-calc/internal/service/calculation.go:77.2,77.49 1 1
party-calc/internal/service/calculation.go:85.2,85.31 1 1
party-calc/internal/service/calculation.go:51.16,53.3 1 0
party-calc/internal/service/calculation.go:54.24,56.3 1 0
party-calc/internal/service/calculation.go:60.31,63.3 2 1
party-calc/internal/service/calculation.go:66.31,76.3 1 1
party-calc/internal/service/calculation.go:77.49,79.17 2 1
party-calc/internal/service/calculation.go:79.17,81.4 1 1
party-calc/internal/service/calculation.go:81.9,83.4 1 1
party-calc/internal/service/calculation.go:88.54,91.36 1 1
party-calc/internal/service/calculation.go:91.36,92.10 1 1
party-calc/internal/service/calculation.go:94.66,95.21 1 1
party-calc/internal/service/calculation.go:98.4,98.37 1 1
party-calc/internal/service/calculation.go:101.4,104.7 4 1
party-calc/internal/service/calculation.go:107.79,108.21 1 1
party-calc/internal/service/calculation.go:111.4,111.37 1 1
party-calc/internal/service/calculation.go:114.4,117.7 4 1
party-calc/internal/service/calculation.go:118.43,119.7 1 0
party-calc/internal/service/calculation.go:120.43,121.7 1 0
party-calc/internal/service/calculation.go:95.21,97.5 1 1
party-calc/internal/service/calculation.go:98.37,100.5 1 1
party-calc/internal/service/calculation.go:108.21,110.5 1 1
party-calc/internal/service/calculation.go:111.37,113.5 1 1
party-calc/internal/service/calculation.go:126.113,128.16 2 1
party-calc/internal/service/calculation.go:131.2,132.20 2 1
party-calc/internal/service/calculation.go:128.16,130.3 1 0
party-calc/internal/service/event.go:22.55,24.2 1 1
party-calc/internal/service/event.go:26.98,29.16 3 1
party-calc/internal/service/event.go:32.2,32.19 1 1
party-calc/internal/service/event.go:29.16,31.3 1 0
party-calc/internal/service/event.go:35.91,37.16 2 1
party-calc/internal/service/event.go:40.2,40.16 1 1
party-calc/internal/service/event.go:37.16,39.3 1 0
party-calc/internal/service/event.go:43.96,45.16 2 1
party-calc/internal/service/event.go:48.2,48.16 1 1
party-calc/internal/service/event.go:45.16,47.3 1 0
party-calc/internal/service/event.go:51.102,53.16 2 1
party-calc/internal/service/event.go:56.2,56.12 1 1
party-calc/internal/service/event.go:53.16,55.3 1 0
party-calc/internal/service/event.go:59.77,61.16 2 1
party-calc/internal/service/event.go:64.2,64.12 1 1
party-calc/internal/service/event.go:61.16,63.3 1 0
party-calc/internal/service/event.go:67.82,69.16 2 1
party-calc/internal/service/event.go:72.2,72.12 1 1
party-calc/internal/service/event.go:69.16,71.3 1 0
party-calc/internal/service/person.go:21.58,23.2 1 1
party-calc/internal/service/person.go:25.84,28.16 3 1
party-calc/internal/service/person.go:31.2,31.20 1 1
party-calc/internal/service/person.go:28.16,30.3 1 0
party-calc/internal/service/person.go:34.94,36.16 2 1
party-calc/internal/service/person.go:39.2,39.20 1 1
party-calc/internal/service/person.go:36.16,38.3 1 0
party-calc/internal/service/person.go:42.99,44.16 2 1
party-calc/internal/service/person.go:47.2,47.20 1 1
party-calc/internal/service/person.go:44.16,46.3 1 0
party-calc/internal/service/person.go:50.88,52.16 2 1
party-calc/internal/service/person.go:55.2,55.12 1 1
party-calc/internal/service/person.go:52.16,54.3 1 0
party-calc/internal/service/person.go:58.79,60.16 2 1
party-calc/internal/service/person.go:63.2,63.12 1 1
party-calc/internal/service/person.go:60.16,62.3 1 0
party-calc/internal/service/person.go:66.84,68.16 2 1
party-calc/internal/service/person.go:71.2,71.12 1 1
party-calc/internal/service/person.go:68.16,70.3 1 0
party-calc/internal/service/persons_events.go:20.79,22.2 1 1
party-calc/internal/service/persons_events.go:25.69,33.16 3 1
party-calc/internal/service/persons_events.go:36.2,36.22 1 1
party-calc/internal/service/persons_events.go:33.16,35.3 1 0
party-calc/internal/service/persons_events.go:39.112,41.16 2 1
party-calc/internal/service/persons_events.go:44.2,44.20 1 1
party-calc/internal/service/persons_events.go:41.16,43.3 1 0
party-calc/internal/service/persons_events.go:47.111,49.16 2 1
party-calc/internal/service/persons_events.go:52.2,52.20 1 1
party-calc/internal/service/persons_events.go:49.16,51.3 1 0
party-calc/internal/service/persons_events.go:56.64,64.16 2 1
party-calc/internal/service/persons_events.go:67.2,67.12 1 1
party-calc/internal/service/persons_events.go:64.16,66.3 1 0
party-calc/internal/service/persons_events.go:70.76,72.16 2 1
party-calc/internal/service/persons_events.go:75.2,75.12 1 1
party-calc/internal/service/persons_events.go:72.16,74.3 1 0
